0 [4139988736] INFO perfrun.launcher <> - Launcher main begin
1 [4139988736] INFO perfrun.launcher <> - MessageCatalogInit finished
1 [4139988736] INFO perfrun.launcher <> - Launcher instance created
1 [4139988736] INFO perfrun.launcher <> - argc = 6; cmdline = /opt/intel/oneapi/vtune/2025.4/bin32/amplxe-runss -dump-vdso -r /home/gabrijel/computer/education/fri/ParallelNP/src/c/vtune_results --tmp-dir /tmp/amplxe-tmp-gabrijel 
16 [4139988736] INFO perfrun.launcher <> - create msngr2::ICliToolContext
16 [4139988736] INFO perfrun.launcher <> - create file finder object
20 [4131388224] INFO perfrun.launcher <> - plugin [remoteplug] was disabled because it doesn't support the given collection type.
20 [4131388224] INFO perfrun.launcher <> - plugin [] was disabled because it doesn't support the given collection type.
20 [4131388224] INFO perfrun.vdso <> - dumping [vdso] pseudomodule
21 [4131388224] INFO perfrun.launcher <> - plugin [] was disabled because it doesn't support the given collection type.
21 [4131388224] INFO perfrun.launcher <> - plugin [] was disabled because it doesn't support the given collection type.
21 [4131388224] INFO perfrun.launcher <> - plugin [] was disabled because it doesn't support the given collection type.
21 [4131388224] INFO perfrun.launcher <> - plugin [] was disabled because it doesn't support the given collection type.
21 [4131388224] INFO perfrun.launcher <> - plugin [] was disabled because it doesn't support the given collection type.
21 [4131388224] INFO perfrun.launcher <> - plugin [] was disabled because it doesn't support the given collection type.
21 [4131388224] INFO perfrun.launcher <> - plugin [] was disabled because it doesn't support the given collection type.
21 [4131388224] INFO perfrun.launcher <> - plugin [] was disabled because it doesn't support the given collection type.
21 [4131388224] INFO perfrun.launcher <> - plugin [] was disabled because it doesn't support the given collection type.
21 [4131388224] INFO perfrun.launcher <> - plugin [] was disabled because it doesn't support the given collection type.
21 [4131388224] INFO perfrun.launcher <> - plugin [] was disabled because it doesn't support the given collection type.
21 [4131388224] INFO perfrun.launcher <> - plugin [] was disabled because it doesn't support the given collection type.
21 [4131388224] INFO perfrun.launcher <> - plugin [] was disabled because it doesn't support the given collection type.
21 [4131388224] INFO perfrun.launcher <> - plugin [] was disabled because it doesn't support the given collection type.
21 [4131388224] INFO perfrun.launcher <> - plugin [] was disabled because it doesn't support the given collection type.
21 [4131388224] INFO perfrun.launcher <> - plugin [] was disabled because it doesn't support the given collection type.
21 [4131388224] INFO perfrun.launcher <> - plugin [] was disabled because it doesn't support the given collection type.
21 [4131388224] INFO perfrun.launcher <> - plugin [] was disabled because it doesn't support the given collection type.
21 [4131388224] INFO perfrun.launcher <> - plugin [] was disabled because it doesn't support the given collection type.
21 [4131388224] INFO perfrun.launcher <> - plugin [] was disabled because it doesn't support the given collection type.
21 [4131388224] INFO perfrun.launcher <> - plugin [] was disabled because it doesn't support the given collection type.
21 [4131388224] INFO perfrun.launcher <> - plugin [] was disabled because it doesn't support the given collection type.
21 [4131388224] INFO perfrun.launcher <> - plugin [] was disabled because it doesn't support the given collection type.
21 [4131388224] INFO perfrun.launcher <> - plugin [] was disabled because it doesn't support the given collection type.
21 [4131388224] INFO perfrun.launcher <> - plugin [] was disabled because it doesn't support the given collection type.
21 [4139988736] INFO perfrun.launcher <> - Application exit code: 0
21 [4139988736] INFO perfrun.launcher <> - Exit code: 0
