1 [140107124746048] INFO perfrun.launcher <> - Launcher main begin
2 [140107124746048] INFO perfrun.launcher <> - MessageCatalogInit finished
2 [140107124746048] INFO perfrun.launcher <> - Launcher instance created
2 [140107124746048] INFO perfrun.launcher <> - argc = 7; cmdline = /opt/intel/oneapi/vtune/2025.4/bin64/amplxe-runss --ui-output-format xml --ui-output-fd 5 --option-file /home/gabrijel/computer/education/fri/ParallelNP/src/c/vtune_results/config/runss.options 
54 [140107124746048] INFO perfrun.perfcollector <> - SEP tool path: /opt/intel/oneapi/vtune/2025.4/bin64/sep
61 [140107124746048] INFO perfrun.launcher <> - create msngr2::ICliToolContext
61 [140107124746048] INFO perfrun.launcher <> - create file finder object
61 [140107124746048] INFO perfrun.launcher <> - create a result directory: pattern = /home/gabrijel/computer/education/fri/ParallelNP/src/c/vtune_results pid = 4294967295
62 [140107124746048] INFO perfrun.sdk <> - checked that the directory /home/gabrijel/computer/education/fri/ParallelNP/src/c/vtune_results is a local directory
62 [140107124746048] INFO perfrun.sdk <> - the directory /home/gabrijel/computer/education/fri/ParallelNP/src/c/vtune_results is a local directory with FS type ID 2435016766
62 [140107124746048] INFO perfrun.launcher <> - create data directory = /home/gabrijel/computer/education/fri/ParallelNP/src/c/vtune_results/data.0
62 [140107124746048] INFO perfrun.launcher <> - Creating the master collection flag
66 [140107124746048] INFO perfrun.launcher <> - Done creating the master collection flag
69 [140106973308608] INFO perfrun.launcher <> - plugin [remoteplug] was disabled because it doesn't support the given collection type.
69 [140106973308608] INFO perfrun.sdk <> - Allocating TMU :/home/gabrijel/computer/education/fri/ParallelNP/src/c/vtune_results/data.0/systemcollector-94087-fedora.sc
69 [140106973308608] INFO perfrun.system <> - Tpss based collection
70 [140106973308608] INFO perfrun.launcher <> - plugin [ptracecollector] was disabled because it doesn't support the given collection type.
70 [140106973308608] INFO perfrun.launcher <> - plugin [gpu] was disabled because it doesn't support the given collection type.
70 [140106973308608] INFO perfrun.launcher <> - plugin [] was disabled because it doesn't support the given collection type.
70 [140106973308608] INFO perfrun.launcher <> - plugin [] was disabled because it doesn't support the given collection type.
70 [140106973308608] INFO perfrun.launcher <> - plugin [] was disabled because it doesn't support the given collection type.
70 [140106973308608] INFO perfrun.mrte <> - system-wide mode is 0
70 [140106973308608] INFO perfrun.mrte <> - Getting  mrte profiling environment ...
81 [140106973308608] INFO perfrun.mrte <> - INTEL_MRTE_DATA_DIR=/home/gabrijel/computer/education/fri/ParallelNP/src/c/vtune_results/data.0
81 [140106973308608] INFO perfrun.mrte <> - INTEL_MRTE_HOST_NAME=fedora
81 [140106973308608] INFO perfrun.mrte <> - JAVA_TOOL_OPTIONS=-agentlib:amplxe_samplingmrte_javaprof_1.0 -Dsun.boot.library.path=/opt/intel/oneapi/vtune/2025.4/lib32/runtime:/opt/intel/oneapi/vtune/2025.4/lib64/runtime
81 [140106973308608] INFO perfrun.mrte <> - LD_LIBRARY_PATH=/opt/intel/oneapi/vtune/2025.4/lib32/runtime:/opt/intel/oneapi/vtune/2025.4/lib64/runtime
81 [140106973308608] INFO perfrun.mrte <> - CORECLR_ENABLE_PROFILING=1
81 [140106973308608] INFO perfrun.mrte <> - CORECLR_PROFILER={AA5E4821-E3B1-479c-B7FF-5AD047D22CED}
81 [140106973308608] INFO perfrun.mrte <> - CORECLR_PROFILER_PATH=/opt/intel/oneapi/vtune/2025.4/lib64/libamplxe_samplingmrte_clrprof_1.0.so
81 [140106973308608] INFO perfrun.mrte <> - INTEL_MRTE_PROFILER_MODE=mixed
81 [140106973308608] INFO perfrun.mrte <> - Data directory: /home/gabrijel/computer/education/fri/ParallelNP/src/c/vtune_results/data.0
82 [140106973308608] INFO perfrun.mrte <> - Mrte plugin is initialized
82 [140106973308608] INFO perfrun.launcher <> - plugin [emon] was disabled because it doesn't support the given collection type.
82 [140106973308608] INFO perfrun.launcher <> - plugin [cuscol] was disabled because it doesn't support the given collection type.
82 [140106973308608] INFO perfrun.launcher <> - plugin [stdsrc] was disabled because it doesn't support the given collection type.
82 [140106973308608] INFO perfrun.launcher <> - plugin [sep] was disabled because it doesn't support the given collection type.
82 [140106973308608] INFO perfrun.launcher <> - plugin [vtsspp] was disabled because it doesn't support the given collection type.
82 [140106973308608] INFO perfrun.launcher <> - plugin [perf] was disabled because it doesn't support the given collection type.
82 [140106973308608] INFO perfrun.launcher <> - plugin [aoclprofile] was disabled because it doesn't support the given collection type.
82 [140106973308608] INFO perfrun.tpss <> - initialize tpss controller
82 [140106973308608] INFO perfrun.tpss <> - configure collection mode: value = cpu:counters:nostack
82 [140106973308608] INFO perfrun.tpss <> - configure collection mode: value = cpu:stack
82 [140106973308608] INFO perfrun.tpss <> - default obj-size-min=1024
82 [140106973308608] INFO perfrun.tpss <> - default hash-table-size=0
82 [140106973308608] INFO perfrun.launcher <> - plugin [media] was disabled because it doesn't support the given collection type.
82 [140106973308608] INFO perfrun.launcher <> - plugin [] was disabled because it doesn't support the given collection type.
82 [140106973308608] INFO perfrun.launcher <> - plugin [] was disabled because it doesn't support the given collection type.
82 [140106973308608] INFO perfrun.launcher <> - plugin [parallelfs] was disabled because it doesn't support the given collection type.
82 [140106973308608] INFO perfrun.launcher <> - plugin [power] was disabled because it doesn't support the given collection type.
82 [140106973308608] INFO perfrun.launcher <> - plugin [] was disabled because it doesn't support the given collection type.
82 [140106973308608] INFO perfrun.launcher <> - plugin [] was disabled because it doesn't support the given collection type.
82 [140106973308608] INFO perfrun.launcher <> - plugin [] was disabled because it doesn't support the given collection type.
82 [140106973308608] INFO perfrun.launcher <> - plugin [l0_metrics] was disabled because it doesn't support the given collection type.
82 [140106973308608] INFO perfrun.launcher <> - plugin [stall_reasons] was disabled because it doesn't support the given collection type.
82 [140107124746048] INFO perfrun.launcher <> - set environment variable: LD_LIBRARY_PATH = /opt/intel/oneapi/vtune/2025.4/lib32/runtime:/opt/intel/oneapi/vtune/2025.4/lib64/runtime
82 [140107124746048] INFO perfrun.launcher <> - set environment variable: INTEL_LIBITTNOTIFY32 = /opt/intel/oneapi/vtune/2025.4/lib32/runtime/libittnotify_collector.so
82 [140107124746048] INFO perfrun.launcher <> - set environment variable: INTEL_LIBITTNOTIFY64 = /opt/intel/oneapi/vtune/2025.4/lib64/runtime/libittnotify_collector.so
82 [140107124746048] INFO perfrun.launcher <> - set environment variable: INTEL_ITTNOTIFY_GROUPS = 
83 [140107124746048] INFO perfrun.launcher <> - set environment variable: INTEL_JIT_PROFILER32 = /opt/intel/oneapi/vtune/2025.4/lib32/runtime/libittnotify_collector.so
83 [140107124746048] INFO perfrun.launcher <> - set environment variable: INTEL_JIT_PROFILER64 = /opt/intel/oneapi/vtune/2025.4/lib64/runtime/libittnotify_collector.so
83 [140107124746048] INFO perfrun.launcher <> - set environment variable: CCL_ITT_LEVEL = 1
83 [140107124746048] INFO perfrun.launcher <> - set environment variable: ENABLE_JITPROFILING = 1
83 [140107124746048] INFO perfrun.launcher <> - set environment variable: CL_CONFIG_USE_VTUNE = True
83 [140107124746048] INFO perfrun.launcher <> - set environment variable: KMP_FORKJOIN_FRAMES = 0
83 [140107124746048] INFO perfrun.launcher <> - set environment variable: KMP_FORKJOIN_FRAMES_MODE = 0
83 [140107124746048] INFO perfrun.launcher <> - set environment variable: INTEL_MRTE_DATA_DIR = /home/gabrijel/computer/education/fri/ParallelNP/src/c/vtune_results/data.0
83 [140107124746048] INFO perfrun.launcher <> - set environment variable: INTEL_MRTE_HOST_NAME = fedora
83 [140107124746048] INFO perfrun.launcher <> - set environment variable: JAVA_TOOL_OPTIONS = -agentlib:amplxe_samplingmrte_javaprof_1.0 -Dsun.boot.library.path=/opt/intel/oneapi/vtune/2025.4/lib32/runtime:/opt/intel/oneapi/vtune/2025.4/lib64/runtime
83 [140107124746048] INFO perfrun.launcher <> - set environment variable: LD_LIBRARY_PATH = /opt/intel/oneapi/vtune/2025.4/lib32/runtime:/opt/intel/oneapi/vtune/2025.4/lib64/runtime
83 [140107124746048] INFO perfrun.launcher <> - set environment variable: CORECLR_ENABLE_PROFILING = 1
83 [140107124746048] INFO perfrun.launcher <> - set environment variable: CORECLR_PROFILER = {AA5E4821-E3B1-479c-B7FF-5AD047D22CED}
83 [140107124746048] INFO perfrun.launcher <> - set environment variable: CORECLR_PROFILER_PATH = /opt/intel/oneapi/vtune/2025.4/lib64/libamplxe_samplingmrte_clrprof_1.0.so
83 [140107124746048] INFO perfrun.launcher <> - set environment variable: INTEL_MRTE_PROFILER_MODE = mixed
83 [140107124746048] INFO perfrun.launcher <> - RpcServer: run RPC server to handle requests
84 [140107124746048] INFO perfrun.launcher <> - Launcher: command line to start before modification = ./kamada_kawai/main.out
84 [140107124746048] INFO perfrun.launcher <> - Launcher: command line to start after modification = /opt/intel/oneapi/vtune/2025.4/bin64/pin -error_file /home/gabrijel/computer/education/fri/ParallelNP/src/c/vtune_results/data.0/pinerr.tpsslog -detach_reattach -follow_execv -tool_load_option deepbind -t64 /opt/intel/oneapi/vtune/2025.4/lib64/libtpsstool.so -t /opt/intel/oneapi/vtune/2025.4/lib32/libtpsstool.so -server_name tpss_ipc.94087 -prd_dir /opt/intel/oneapi/vtune/2025.4 -- ./kamada_kawai/main.out
84 [140107124746048] INFO perfrun.launcher <> - ProcessCreator object was created
85 [140107124746048] INFO perfrun.launcher <> - Launcher: the process was started in suspend mode
87 [140106973308608] WARN perfrun.system <> - Could not do anything with /sys/kernel/debug/kvm: boost::filesystem::status: Permission denied [system:13]: "/sys/kernel/debug/kvm", at file: vcs/perfrun1/plugins/system/src/trace_writer.cpp:787
90 [140106973308608] WARN perfrun.sdk <> - Failed to find xl binary on any of the system paths: /bin, /sbin, /usr/bin, /usr/sbin., at file: vcs/perfrun1/sdk/src/utils.cpp:205
90 [140106973308608] WARN perfrun.system <> - Could not start ContainerMapping collector, at file: vcs/perfrun1/plugins/system/src/controller.cpp:450
137 [140106973308608] INFO perfrun.vdso <> - Helper runtool '/opt/intel/oneapi/vtune/2025.4/bin32/amplxe-runss -dump-vdso -r /home/gabrijel/computer/education/fri/ParallelNP/src/c/vtune_results --tmp-dir /tmp/amplxe-tmp-gabrijel' returned 0
217 [140106973308608] INFO perfrun.vdso <> - Helper runtool '/opt/intel/oneapi/vtune/2025.4/bin64/amplxe-runss -dump-vdso -r /home/gabrijel/computer/education/fri/ParallelNP/src/c/vtune_results --tmp-dir /tmp/amplxe-tmp-gabrijel' returned 0
217 [140106973308608] INFO perfrun.itt <> - start itt controller for pid #94092
217 [140106973308608] INFO perfrun.tpss <> - start tpss controller for pid #94092
267 [140107124746048] INFO perfrun.launcher <> - Launcher: all plugins were started
267 [140107124746048] INFO perfrun.launcher <> - DirectoryMonitor object was created
267 [140107124746048] INFO perfrun.launcher <> - DirectoryMonitor: a callback was added
268 [140107124746048] INFO perfrun.launcher <> - DirectoryMonitor was started with pingTime = 1000
268 [140107124746048] INFO perfrun.launcher <> - DeadlineTimer is going to be constructed
268 [140107124746048] INFO perfrun.launcher <> - DeadlineTimer: a callback was added
273 [140107124746048] INFO perfrun.launcher <> - Launcher: resume the profiled application and  wait its termination or stop command
716 [140107124746048] INFO perfrun.launcher <> - Launcher: the profiled application was terminated  with exit code = 139
723 [140106973308608] INFO perfrun.itt <> - detach itt controller
723 [140106973308608] INFO perfrun.itt <> - detach itt controller done
723 [140106973308608] INFO perfrun.tpss <> - stop tpss controller
724 [140106973308608] INFO perfrun.sdk <> - De-allocating TMU: /home/gabrijel/computer/education/fri/ParallelNP/src/c/vtune_results/data.0/systemcollector-94087-fedora.sc
724 [140106973308608] INFO perfrun.system <> - closed the system trace file: /home/gabrijel/computer/education/fri/ParallelNP/src/c/vtune_results/data.0/systemcollector-94087-fedora.sc
724 [140107124746048] INFO perfrun.launcher <> - Launcher: all plugins were stopped.
724 [140107124746048] INFO perfrun.launcher <> - DeadlineTimer is going to be destroyed
724 [140107124746048] INFO perfrun.launcher <> - DeadlineTimer was destroyed
724 [140107124746048] INFO perfrun.launcher <> - DirectoryMonitor object was destroyed
724 [140107124746048] WARN perfrun.launcher <> - Stop command is ignored because it is received when collection is already stopped, at file: vcs/perfrun1/launcher/src/command_handler.cpp:226
725 [140107124746048] INFO perfrun.launcher <> - Application exit code: 139
725 [140107124746048] INFO perfrun.launcher <> - Exit code: 4
